2026-07-09T08:57:36.373+08:00  INFO 18772 --- [positioningManagement] [main] c.z.p.p.PositioningManagementApplication : Starting PositioningManagementApplication using Java 17.0.14 with PID 18772 (D:\javaProject\positioningManagement\target\classes started by SY100836 in D:\javaProject\positioningManagement)
2026-07-09T08:57:36.391+08:00 DEBUG 18772 --- [positioningManagement] [main] c.z.p.p.PositioningManagementApplication : Running with Spring Boot v3.5.16, Spring v6.2.19
2026-07-09T08:57:36.393+08:00  INFO 18772 --- [positioningManagement] [main] c.z.p.p.PositioningManagementApplication : The following 1 profile is active: "dev"
2026-07-09T08:57:37.339+08:00  INFO 18772 --- [positioningManagement] [main] .s.d.r.c.RepositoryConfigurationDelegate : Multiple Spring Data modules found, entering strict repository configuration mode
2026-07-09T08:57:37.342+08:00  INFO 18772 --- [positioningManagement] [main] .s.d.r.c.RepositoryConfigurationDelegate : Bootstrapping Spring Data Redis repositories in DEFAULT mode.
2026-07-09T08:57:37.380+08:00  INFO 18772 --- [positioningManagement] [main] .s.d.r.c.RepositoryConfigurationDelegate : Finished Spring Data repository scanning in 21 ms. Found 0 Redis repository interfaces.
2026-07-09T08:57:38.167+08:00  INFO 18772 --- [positioningManagement] [main] o.s.b.w.embedded.tomcat.TomcatWebServer  : Tomcat initialized with port 8010 (http)
2026-07-09T08:57:38.182+08:00  INFO 18772 --- [positioningManagement] [main] o.apache.catalina.core.StandardService   : Starting service [Tomcat]
2026-07-09T08:57:38.183+08:00  INFO 18772 --- [positioningManagement] [main] o.apache.catalina.core.StandardEngine    : Starting Servlet engine: [Apache Tomcat/10.1.55]
2026-07-09T08:57:38.250+08:00  INFO 18772 --- [positioningManagement] [main] o.a.c.c.C.[Tomcat].[localhost].[/api]    : Initializing Spring embedded WebApplicationContext
2026-07-09T08:57:38.250+08:00  INFO 18772 --- [positioningManagement] [main] w.s.c.ServletWebServerApplicationContext : Root WebApplicationContext: initialization completed in 1757 ms
2026-07-09T08:57:39.513+08:00  WARN 18772 --- [positioningManagement] [main] ConfigServletWebServerApplicationContext : Exception encountered during context initialization - cancelling refresh attempt: org.springframework.beans.factory.UnsatisfiedDependencyException: Error creating bean with name 'mobileRechargeController' defined in file [D:\javaProject\positioningManagement\target\classes\com\zns\positioning\positioningmanagement\controller\mobile\MobileRechargeController.class]: Unsatisfied dependency expressed through constructor parameter 0: Error creating bean with name 'mobileRechargeServiceImpl' defined in file [D:\javaProject\positioningManagement\target\classes\com\zns\positioning\positioningmanagement\service\impl\MobileRechargeServiceImpl.class]: Unsatisfied dependency expressed through constructor parameter 4: No qualifying bean of type 'com.wechat.pay.java.core.Config' available: expected at least 1 bean which qualifies as autowire candidate. Dependency annotations: {}
2026-07-09T08:57:39.520+08:00  INFO 18772 --- [positioningManagement] [main] o.apache.catalina.core.StandardService   : Stopping service [Tomcat]
2026-07-09T08:57:39.546+08:00  INFO 18772 --- [positioningManagement] [main] .s.b.a.l.ConditionEvaluationReportLogger : 

Error starting ApplicationContext. To display the condition evaluation report re-run your application with 'debug' enabled.
2026-07-09T08:57:39.615+08:00 ERROR 18772 --- [positioningManagement] [main] o.s.boot.SpringApplication               : Application run failed

org.springframework.beans.factory.UnsatisfiedDependencyException: Error creating bean with name 'mobileRechargeController' defined in file [D:\javaProject\positioningManagement\target\classes\com\zns\positioning\positioningmanagement\controller\mobile\MobileRechargeController.class]: Unsatisfied dependency expressed through constructor parameter 0: Error creating bean with name 'mobileRechargeServiceImpl' defined in file [D:\javaProject\positioningManagement\target\classes\com\zns\positioning\positioningmanagement\service\impl\MobileRechargeServiceImpl.class]: Unsatisfied dependency expressed through constructor parameter 4: No qualifying bean of type 'com.wechat.pay.java.core.Config' available: expected at least 1 bean which qualifies as autowire candidate. Dependency annotations: {}
	at org.springframework.beans.factory.support.ConstructorResolver.createArgumentArray(ConstructorResolver.java:804) ~[spring-beans-6.2.19.jar:6.2.19]
	at org.springframework.beans.factory.support.ConstructorResolver.autowireConstructor(ConstructorResolver.java:240) ~[spring-beans-6.2.19.jar:6.2.19]
	at org.springframework.beans.factory.support.AbstractAutowireCapableBeanFactory.autowireConstructor(AbstractAutowireCapableBeanFactory.java:1393) ~[spring-beans-6.2.19.jar:6.2.19]
	at org.springframework.beans.factory.support.AbstractAutowireCapableBeanFactory.createBeanInstance(AbstractAutowireCapableBeanFactory.java:1230) ~[spring-beans-6.2.19.jar:6.2.19]
	at org.springframework.beans.factory.support.AbstractAutowireCapableBeanFactory.doCreateBean(AbstractAutowireCapableBeanFactory.java:569) ~[spring-beans-6.2.19.jar:6.2.19]
	at org.springframework.beans.factory.support.AbstractAutowireCapableBeanFactory.createBean(AbstractAutowireCapableBeanFactory.java:529) ~[spring-beans-6.2.19.jar:6.2.19]
	at org.springframework.beans.factory.support.AbstractBeanFactory.lambda$doGetBean$0(AbstractBeanFactory.java:339) ~[spring-beans-6.2.19.jar:6.2.19]
	at org.springframework.beans.factory.support.DefaultSingletonBeanRegistry.getSingleton(DefaultSingletonBeanRegistry.java:373) ~[spring-beans-6.2.19.jar:6.2.19]
	at org.springframework.beans.factory.support.AbstractBeanFactory.doGetBean(AbstractBeanFactory.java:337) ~[spring-beans-6.2.19.jar:6.2.19]
	at org.springframework.beans.factory.support.AbstractBeanFactory.getBean(AbstractBeanFactory.java:202) ~[spring-beans-6.2.19.jar:6.2.19]
	at org.springframework.beans.factory.support.DefaultListableBeanFactory.instantiateSingleton(DefaultListableBeanFactory.java:1235) ~[spring-beans-6.2.19.jar:6.2.19]
	at org.springframework.beans.factory.support.DefaultListableBeanFactory.preInstantiateSingleton(DefaultListableBeanFactory.java:1201) ~[spring-beans-6.2.19.jar:6.2.19]
	at org.springframework.beans.factory.support.DefaultListableBeanFactory.preInstantiateSingletons(DefaultListableBeanFactory.java:1130) ~[spring-beans-6.2.19.jar:6.2.19]
	at org.springframework.context.support.AbstractApplicationContext.finishBeanFactoryInitialization(AbstractApplicationContext.java:991) ~[spring-context-6.2.19.jar:6.2.19]
	at org.springframework.context.support.AbstractApplicationContext.refresh(AbstractApplicationContext.java:628) ~[spring-context-6.2.19.jar:6.2.19]
	at org.springframework.boot.web.servlet.context.ServletWebServerApplicationContext.refresh(ServletWebServerApplicationContext.java:146) ~[spring-boot-3.5.16.jar:3.5.16]
	at org.springframework.boot.SpringApplication.refresh(SpringApplication.java:752) ~[spring-boot-3.5.16.jar:3.5.16]
	at org.springframework.boot.SpringApplication.refreshContext(SpringApplication.java:439) ~[spring-boot-3.5.16.jar:3.5.16]
	at org.springframework.boot.SpringApplication.run(SpringApplication.java:318) ~[spring-boot-3.5.16.jar:3.5.16]
	at org.springframework.boot.SpringApplication.run(SpringApplication.java:1361) ~[spring-boot-3.5.16.jar:3.5.16]
	at org.springframework.boot.SpringApplication.run(SpringApplication.java:1350) ~[spring-boot-3.5.16.jar:3.5.16]
	at com.zns.positioning.positioningmanagement.PositioningManagementApplication.main(PositioningManagementApplication.java:10) ~[classes/:na]
Caused by: org.springframework.beans.factory.UnsatisfiedDependencyException: Error creating bean with name 'mobileRechargeServiceImpl' defined in file [D:\javaProject\positioningManagement\target\classes\com\zns\positioning\positioningmanagement\service\impl\MobileRechargeServiceImpl.class]: Unsatisfied dependency expressed through constructor parameter 4: No qualifying bean of type 'com.wechat.pay.java.core.Config' available: expected at least 1 bean which qualifies as autowire candidate. Dependency annotations: {}
	at org.springframework.beans.factory.support.ConstructorResolver.createArgumentArray(ConstructorResolver.java:804) ~[spring-beans-6.2.19.jar:6.2.19]
	at org.springframework.beans.factory.support.ConstructorResolver.autowireConstructor(ConstructorResolver.java:240) ~[spring-beans-6.2.19.jar:6.2.19]
	at org.springframework.beans.factory.support.AbstractAutowireCapableBeanFactory.autowireConstructor(AbstractAutowireCapableBeanFactory.java:1393) ~[spring-beans-6.2.19.jar:6.2.19]
	at org.springframework.beans.factory.support.AbstractAutowireCapableBeanFactory.createBeanInstance(AbstractAutowireCapableBeanFactory.java:1230) ~[spring-beans-6.2.19.jar:6.2.19]
	at org.springframework.beans.factory.support.AbstractAutowireCapableBeanFactory.doCreateBean(AbstractAutowireCapableBeanFactory.java:569) ~[spring-beans-6.2.19.jar:6.2.19]
	at org.springframework.beans.factory.support.AbstractAutowireCapableBeanFactory.createBean(AbstractAutowireCapableBeanFactory.java:529) ~[spring-beans-6.2.19.jar:6.2.19]
	at org.springframework.beans.factory.support.AbstractBeanFactory.lambda$doGetBean$0(AbstractBeanFactory.java:339) ~[spring-beans-6.2.19.jar:6.2.19]
	at org.springframework.beans.factory.support.DefaultSingletonBeanRegistry.getSingleton(DefaultSingletonBeanRegistry.java:373) ~[spring-beans-6.2.19.jar:6.2.19]
	at org.springframework.beans.factory.support.AbstractBeanFactory.doGetBean(AbstractBeanFactory.java:337) ~[spring-beans-6.2.19.jar:6.2.19]
	at org.springframework.beans.factory.support.AbstractBeanFactory.getBean(AbstractBeanFactory.java:202) ~[spring-beans-6.2.19.jar:6.2.19]
	at org.springframework.beans.factory.config.DependencyDescriptor.resolveCandidate(DependencyDescriptor.java:254) ~[spring-beans-6.2.19.jar:6.2.19]
	at org.springframework.beans.factory.support.DefaultListableBeanFactory.doResolveDependency(DefaultListableBeanFactory.java:1777) ~[spring-beans-6.2.19.jar:6.2.19]
	at org.springframework.beans.factory.support.DefaultListableBeanFactory.resolveDependency(DefaultListableBeanFactory.java:1660) ~[spring-beans-6.2.19.jar:6.2.19]
	at org.springframework.beans.factory.support.ConstructorResolver.resolveAutowiredArgument(ConstructorResolver.java:913) ~[spring-beans-6.2.19.jar:6.2.19]
	at org.springframework.beans.factory.support.ConstructorResolver.createArgumentArray(ConstructorResolver.java:791) ~[spring-beans-6.2.19.jar:6.2.19]
	... 21 common frames omitted
Caused by: org.springframework.beans.factory.NoSuchBeanDefinitionException: No qualifying bean of type 'com.wechat.pay.java.core.Config' available: expected at least 1 bean which qualifies as autowire candidate. Dependency annotations: {}
	at org.springframework.beans.factory.support.DefaultListableBeanFactory.raiseNoMatchingBeanFound(DefaultListableBeanFactory.java:2322) ~[spring-beans-6.2.19.jar:6.2.19]
	at org.springframework.beans.factory.support.DefaultListableBeanFactory.resolveInstance(DefaultListableBeanFactory.java:1792) ~[spring-beans-6.2.19.jar:6.2.19]
	at org.springframework.beans.factory.support.DefaultListableBeanFactory.doResolveDependency(DefaultListableBeanFactory.java:1720) ~[spring-beans-6.2.19.jar:6.2.19]
	at org.springframework.beans.factory.support.DefaultListableBeanFactory.resolveDependency(DefaultListableBeanFactory.java:1660) ~[spring-beans-6.2.19.jar:6.2.19]
	at org.springframework.beans.factory.support.ConstructorResolver.resolveAutowiredArgument(ConstructorResolver.java:913) ~[spring-beans-6.2.19.jar:6.2.19]
	at org.springframework.beans.factory.support.ConstructorResolver.createArgumentArray(ConstructorResolver.java:791) ~[spring-beans-6.2.19.jar:6.2.19]
	... 35 common frames omitted

2026-07-09T09:01:50.755+08:00  INFO 8000 --- [positioningManagement] [main] c.z.p.p.PositioningManagementApplication : Starting PositioningManagementApplication using Java 17.0.14 with PID 8000 (D:\javaProject\positioningManagement\target\classes started by SY100836 in D:\javaProject\positioningManagement)
2026-07-09T09:01:50.760+08:00 DEBUG 8000 --- [positioningManagement] [main] c.z.p.p.PositioningManagementApplication : Running with Spring Boot v3.5.16, Spring v6.2.19
2026-07-09T09:01:50.762+08:00  INFO 8000 --- [positioningManagement] [main] c.z.p.p.PositioningManagementApplication : The following 1 profile is active: "dev"
2026-07-09T09:01:51.763+08:00  INFO 8000 --- [positioningManagement] [main] .s.d.r.c.RepositoryConfigurationDelegate : Multiple Spring Data modules found, entering strict repository configuration mode
2026-07-09T09:01:51.770+08:00  INFO 8000 --- [positioningManagement] [main] .s.d.r.c.RepositoryConfigurationDelegate : Bootstrapping Spring Data Redis repositories in DEFAULT mode.
2026-07-09T09:01:51.818+08:00  INFO 8000 --- [positioningManagement] [main] .s.d.r.c.RepositoryConfigurationDelegate : Finished Spring Data repository scanning in 21 ms. Found 0 Redis repository interfaces.
2026-07-09T09:01:52.514+08:00  INFO 8000 --- [positioningManagement] [main] o.s.b.w.embedded.tomcat.TomcatWebServer  : Tomcat initialized with port 8010 (http)
2026-07-09T09:01:52.527+08:00  INFO 8000 --- [positioningManagement] [main] o.apache.catalina.core.StandardService   : Starting service [Tomcat]
2026-07-09T09:01:52.527+08:00  INFO 8000 --- [positioningManagement] [main] o.apache.catalina.core.StandardEngine    : Starting Servlet engine: [Apache Tomcat/10.1.55]
2026-07-09T09:01:52.606+08:00  INFO 8000 --- [positioningManagement] [main] o.a.c.c.C.[Tomcat].[localhost].[/api]    : Initializing Spring embedded WebApplicationContext
2026-07-09T09:01:52.607+08:00  INFO 8000 --- [positioningManagement] [main] w.s.c.ServletWebServerApplicationContext : Root WebApplicationContext: initialization completed in 1745 ms
2026-07-09T09:01:53.490+08:00  WARN 8000 --- [positioningManagement] [main] ConfigServletWebServerApplicationContext : Exception encountered during context initialization - cancelling refresh attempt: org.springframework.beans.factory.UnsatisfiedDependencyException: Error creating bean with name 'mobileRechargeController' defined in file [D:\javaProject\positioningManagement\target\classes\com\zns\positioning\positioningmanagement\controller\mobile\MobileRechargeController.class]: Unsatisfied dependency expressed through constructor parameter 0: Error creating bean with name 'mobileRechargeServiceImpl' defined in file [D:\javaProject\positioningManagement\target\classes\com\zns\positioning\positioningmanagement\service\impl\MobileRechargeServiceImpl.class]: Unsatisfied dependency expressed through constructor parameter 4: No qualifying bean of type 'com.wechat.pay.java.core.Config' available: expected at least 1 bean which qualifies as autowire candidate. Dependency annotations: {}
2026-07-09T09:01:53.495+08:00  INFO 8000 --- [positioningManagement] [main] o.apache.catalina.core.StandardService   : Stopping service [Tomcat]
2026-07-09T09:01:53.510+08:00  INFO 8000 --- [positioningManagement] [main] .s.b.a.l.ConditionEvaluationReportLogger : 

Error starting ApplicationContext. To display the condition evaluation report re-run your application with 'debug' enabled.
2026-07-09T09:01:53.532+08:00 ERROR 8000 --- [positioningManagement] [main] o.s.boot.SpringApplication               : Application run failed

org.springframework.beans.factory.UnsatisfiedDependencyException: Error creating bean with name 'mobileRechargeController' defined in file [D:\javaProject\positioningManagement\target\classes\com\zns\positioning\positioningmanagement\controller\mobile\MobileRechargeController.class]: Unsatisfied dependency expressed through constructor parameter 0: Error creating bean with name 'mobileRechargeServiceImpl' defined in file [D:\javaProject\positioningManagement\target\classes\com\zns\positioning\positioningmanagement\service\impl\MobileRechargeServiceImpl.class]: Unsatisfied dependency expressed through constructor parameter 4: No qualifying bean of type 'com.wechat.pay.java.core.Config' available: expected at least 1 bean which qualifies as autowire candidate. Dependency annotations: {}
	at org.springframework.beans.factory.support.ConstructorResolver.createArgumentArray(ConstructorResolver.java:804) ~[spring-beans-6.2.19.jar:6.2.19]
	at org.springframework.beans.factory.support.ConstructorResolver.autowireConstructor(ConstructorResolver.java:240) ~[spring-beans-6.2.19.jar:6.2.19]
	at org.springframework.beans.factory.support.AbstractAutowireCapableBeanFactory.autowireConstructor(AbstractAutowireCapableBeanFactory.java:1393) ~[spring-beans-6.2.19.jar:6.2.19]
	at org.springframework.beans.factory.support.AbstractAutowireCapableBeanFactory.createBeanInstance(AbstractAutowireCapableBeanFactory.java:1230) ~[spring-beans-6.2.19.jar:6.2.19]
	at org.springframework.beans.factory.support.AbstractAutowireCapableBeanFactory.doCreateBean(AbstractAutowireCapableBeanFactory.java:569) ~[spring-beans-6.2.19.jar:6.2.19]
	at org.springframework.beans.factory.support.AbstractAutowireCapableBeanFactory.createBean(AbstractAutowireCapableBeanFactory.java:529) ~[spring-beans-6.2.19.jar:6.2.19]
	at org.springframework.beans.factory.support.AbstractBeanFactory.lambda$doGetBean$0(AbstractBeanFactory.java:339) ~[spring-beans-6.2.19.jar:6.2.19]
	at org.springframework.beans.factory.support.DefaultSingletonBeanRegistry.getSingleton(DefaultSingletonBeanRegistry.java:373) ~[spring-beans-6.2.19.jar:6.2.19]
	at org.springframework.beans.factory.support.AbstractBeanFactory.doGetBean(AbstractBeanFactory.java:337) ~[spring-beans-6.2.19.jar:6.2.19]
	at org.springframework.beans.factory.support.AbstractBeanFactory.getBean(AbstractBeanFactory.java:202) ~[spring-beans-6.2.19.jar:6.2.19]
	at org.springframework.beans.factory.support.DefaultListableBeanFactory.instantiateSingleton(DefaultListableBeanFactory.java:1235) ~[spring-beans-6.2.19.jar:6.2.19]
	at org.springframework.beans.factory.support.DefaultListableBeanFactory.preInstantiateSingleton(DefaultListableBeanFactory.java:1201) ~[spring-beans-6.2.19.jar:6.2.19]
	at org.springframework.beans.factory.support.DefaultListableBeanFactory.preInstantiateSingletons(DefaultListableBeanFactory.java:1130) ~[spring-beans-6.2.19.jar:6.2.19]
	at org.springframework.context.support.AbstractApplicationContext.finishBeanFactoryInitialization(AbstractApplicationContext.java:991) ~[spring-context-6.2.19.jar:6.2.19]
	at org.springframework.context.support.AbstractApplicationContext.refresh(AbstractApplicationContext.java:628) ~[spring-context-6.2.19.jar:6.2.19]
	at org.springframework.boot.web.servlet.context.ServletWebServerApplicationContext.refresh(ServletWebServerApplicationContext.java:146) ~[spring-boot-3.5.16.jar:3.5.16]
	at org.springframework.boot.SpringApplication.refresh(SpringApplication.java:752) ~[spring-boot-3.5.16.jar:3.5.16]
	at org.springframework.boot.SpringApplication.refreshContext(SpringApplication.java:439) ~[spring-boot-3.5.16.jar:3.5.16]
	at org.springframework.boot.SpringApplication.run(SpringApplication.java:318) ~[spring-boot-3.5.16.jar:3.5.16]
	at org.springframework.boot.SpringApplication.run(SpringApplication.java:1361) ~[spring-boot-3.5.16.jar:3.5.16]
	at org.springframework.boot.SpringApplication.run(SpringApplication.java:1350) ~[spring-boot-3.5.16.jar:3.5.16]
	at com.zns.positioning.positioningmanagement.PositioningManagementApplication.main(PositioningManagementApplication.java:10) ~[classes/:na]
Caused by: org.springframework.beans.factory.UnsatisfiedDependencyException: Error creating bean with name 'mobileRechargeServiceImpl' defined in file [D:\javaProject\positioningManagement\target\classes\com\zns\positioning\positioningmanagement\service\impl\MobileRechargeServiceImpl.class]: Unsatisfied dependency expressed through constructor parameter 4: No qualifying bean of type 'com.wechat.pay.java.core.Config' available: expected at least 1 bean which qualifies as autowire candidate. Dependency annotations: {}
	at org.springframework.beans.factory.support.ConstructorResolver.createArgumentArray(ConstructorResolver.java:804) ~[spring-beans-6.2.19.jar:6.2.19]
	at org.springframework.beans.factory.support.ConstructorResolver.autowireConstructor(ConstructorResolver.java:240) ~[spring-beans-6.2.19.jar:6.2.19]
	at org.springframework.beans.factory.support.AbstractAutowireCapableBeanFactory.autowireConstructor(AbstractAutowireCapableBeanFactory.java:1393) ~[spring-beans-6.2.19.jar:6.2.19]
	at org.springframework.beans.factory.support.AbstractAutowireCapableBeanFactory.createBeanInstance(AbstractAutowireCapableBeanFactory.java:1230) ~[spring-beans-6.2.19.jar:6.2.19]
	at org.springframework.beans.factory.support.AbstractAutowireCapableBeanFactory.doCreateBean(AbstractAutowireCapableBeanFactory.java:569) ~[spring-beans-6.2.19.jar:6.2.19]
	at org.springframework.beans.factory.support.AbstractAutowireCapableBeanFactory.createBean(AbstractAutowireCapableBeanFactory.java:529) ~[spring-beans-6.2.19.jar:6.2.19]
	at org.springframework.beans.factory.support.AbstractBeanFactory.lambda$doGetBean$0(AbstractBeanFactory.java:339) ~[spring-beans-6.2.19.jar:6.2.19]
	at org.springframework.beans.factory.support.DefaultSingletonBeanRegistry.getSingleton(DefaultSingletonBeanRegistry.java:373) ~[spring-beans-6.2.19.jar:6.2.19]
	at org.springframework.beans.factory.support.AbstractBeanFactory.doGetBean(AbstractBeanFactory.java:337) ~[spring-beans-6.2.19.jar:6.2.19]
	at org.springframework.beans.factory.support.AbstractBeanFactory.getBean(AbstractBeanFactory.java:202) ~[spring-beans-6.2.19.jar:6.2.19]
	at org.springframework.beans.factory.config.DependencyDescriptor.resolveCandidate(DependencyDescriptor.java:254) ~[spring-beans-6.2.19.jar:6.2.19]
	at org.springframework.beans.factory.support.DefaultListableBeanFactory.doResolveDependency(DefaultListableBeanFactory.java:1777) ~[spring-beans-6.2.19.jar:6.2.19]
	at org.springframework.beans.factory.support.DefaultListableBeanFactory.resolveDependency(DefaultListableBeanFactory.java:1660) ~[spring-beans-6.2.19.jar:6.2.19]
	at org.springframework.beans.factory.support.ConstructorResolver.resolveAutowiredArgument(ConstructorResolver.java:913) ~[spring-beans-6.2.19.jar:6.2.19]
	at org.springframework.beans.factory.support.ConstructorResolver.createArgumentArray(ConstructorResolver.java:791) ~[spring-beans-6.2.19.jar:6.2.19]
	... 21 common frames omitted
Caused by: org.springframework.beans.factory.NoSuchBeanDefinitionException: No qualifying bean of type 'com.wechat.pay.java.core.Config' available: expected at least 1 bean which qualifies as autowire candidate. Dependency annotations: {}
	at org.springframework.beans.factory.support.DefaultListableBeanFactory.raiseNoMatchingBeanFound(DefaultListableBeanFactory.java:2322) ~[spring-beans-6.2.19.jar:6.2.19]
	at org.springframework.beans.factory.support.DefaultListableBeanFactory.resolveInstance(DefaultListableBeanFactory.java:1792) ~[spring-beans-6.2.19.jar:6.2.19]
	at org.springframework.beans.factory.support.DefaultListableBeanFactory.doResolveDependency(DefaultListableBeanFactory.java:1720) ~[spring-beans-6.2.19.jar:6.2.19]
	at org.springframework.beans.factory.support.DefaultListableBeanFactory.resolveDependency(DefaultListableBeanFactory.java:1660) ~[spring-beans-6.2.19.jar:6.2.19]
	at org.springframework.beans.factory.support.ConstructorResolver.resolveAutowiredArgument(ConstructorResolver.java:913) ~[spring-beans-6.2.19.jar:6.2.19]
	at org.springframework.beans.factory.support.ConstructorResolver.createArgumentArray(ConstructorResolver.java:791) ~[spring-beans-6.2.19.jar:6.2.19]
	... 35 common frames omitted

2026-07-09T09:04:32.191+08:00  INFO 10152 --- [positioningManagement] [main] c.z.p.p.PositioningManagementApplication : Starting PositioningManagementApplication using Java 17.0.14 with PID 10152 (D:\javaProject\positioningManagement\target\classes started by SY100836 in D:\javaProject\positioningManagement)
2026-07-09T09:04:32.193+08:00 DEBUG 10152 --- [positioningManagement] [main] c.z.p.p.PositioningManagementApplication : Running with Spring Boot v3.5.16, Spring v6.2.19
2026-07-09T09:04:32.194+08:00  INFO 10152 --- [positioningManagement] [main] c.z.p.p.PositioningManagementApplication : The following 1 profile is active: "dev"
2026-07-09T09:04:33.357+08:00  INFO 10152 --- [positioningManagement] [main] .s.d.r.c.RepositoryConfigurationDelegate : Multiple Spring Data modules found, entering strict repository configuration mode
2026-07-09T09:04:33.363+08:00  INFO 10152 --- [positioningManagement] [main] .s.d.r.c.RepositoryConfigurationDelegate : Bootstrapping Spring Data Redis repositories in DEFAULT mode.
2026-07-09T09:04:33.431+08:00  INFO 10152 --- [positioningManagement] [main] .s.d.r.c.RepositoryConfigurationDelegate : Finished Spring Data repository scanning in 40 ms. Found 0 Redis repository interfaces.
2026-07-09T09:04:34.325+08:00  INFO 10152 --- [positioningManagement] [main] o.s.b.w.embedded.tomcat.TomcatWebServer  : Tomcat initialized with port 8010 (http)
2026-07-09T09:04:34.338+08:00  INFO 10152 --- [positioningManagement] [main] o.apache.catalina.core.StandardService   : Starting service [Tomcat]
2026-07-09T09:04:34.338+08:00  INFO 10152 --- [positioningManagement] [main] o.apache.catalina.core.StandardEngine    : Starting Servlet engine: [Apache Tomcat/10.1.55]
2026-07-09T09:04:34.400+08:00  INFO 10152 --- [positioningManagement] [main] o.a.c.c.C.[Tomcat].[localhost].[/api]    : Initializing Spring embedded WebApplicationContext
2026-07-09T09:04:34.401+08:00  INFO 10152 --- [positioningManagement] [main] w.s.c.ServletWebServerApplicationContext : Root WebApplicationContext: initialization completed in 2146 ms
2026-07-09T09:04:37.421+08:00  INFO 10152 --- [positioningManagement] [main] o.s.b.w.embedded.tomcat.TomcatWebServer  : Tomcat started on port 8010 (http) with context path '/api'
2026-07-09T09:04:37.444+08:00  INFO 10152 --- [positioningManagement] [main] c.z.p.p.PositioningManagementApplication : Started PositioningManagementApplication in 5.841 seconds (process running for 6.467)
2026-07-09T09:06:59.591+08:00  INFO 10152 --- [positioningManagement] [http-nio-8010-exec-1] o.a.c.c.C.[Tomcat].[localhost].[/api]    : Initializing Spring DispatcherServlet 'dispatcherServlet'
2026-07-09T09:06:59.593+08:00  INFO 10152 --- [positioningManagement] [http-nio-8010-exec-1] o.s.web.servlet.DispatcherServlet        : Initializing Servlet 'dispatcherServlet'
2026-07-09T09:06:59.594+08:00  INFO 10152 --- [positioningManagement] [http-nio-8010-exec-1] o.s.web.servlet.DispatcherServlet        : Completed initialization in 1 ms
2026-07-09T09:06:59.800+08:00  INFO 10152 --- [positioningManagement] [http-nio-8010-exec-1] com.zaxxer.hikari.HikariDataSource       : HikariPool-1 - Starting...
2026-07-09T09:07:00.028+08:00  INFO 10152 --- [positioningManagement] [http-nio-8010-exec-1] com.zaxxer.hikari.pool.HikariPool        : HikariPool-1 - Added connection com.mysql.cj.jdbc.ConnectionImpl@284225cc
2026-07-09T09:07:00.029+08:00  INFO 10152 --- [positioningManagement] [http-nio-8010-exec-1] com.zaxxer.hikari.HikariDataSource       : HikariPool-1 - Start completed.
2026-07-09T09:10:02.136+08:00  INFO 10152 --- [positioningManagement] [http-nio-8010-exec-6] c.z.p.p.s.impl.PackagePlanServiceImpl    : 新增套餐成功, id=1, name=基础版-1年, operator=admin
2026-07-09T09:10:28.881+08:00  INFO 10152 --- [positioningManagement] [http-nio-8010-exec-8] c.z.p.p.s.impl.PackagePlanServiceImpl    : 新增套餐成功, id=2, name=基础版-3年, operator=admin
2026-07-09T09:17:53.078+08:00  INFO 10152 --- [positioningManagement] [http-nio-8010-exec-3] c.z.p.p.s.impl.PackagePlanServiceImpl    : 套餐状态变更成功, id=2, name=基础版-3年, status=1→0, operator=admin
2026-07-09T09:18:11.949+08:00  INFO 10152 --- [positioningManagement] [http-nio-8010-exec-10] c.z.p.p.s.impl.PackagePlanServiceImpl    : 套餐状态变更成功, id=2, name=基础版-3年, status=0→1, operator=admin
2026-07-09T09:30:24.612+08:00  INFO 10152 --- [positioningManagement] [SpringApplicationShutdownHook] o.s.b.w.e.tomcat.GracefulShutdown        : Commencing graceful shutdown. Waiting for active requests to complete
2026-07-09T09:30:24.722+08:00  INFO 10152 --- [positioningManagement] [tomcat-shutdown] o.s.b.w.e.tomcat.GracefulShutdown        : Graceful shutdown complete
2026-07-09T09:30:24.737+08:00  INFO 10152 --- [positioningManagement] [SpringApplicationShutdownHook] com.zaxxer.hikari.HikariDataSource       : HikariPool-1 - Shutdown initiated...
2026-07-09T09:30:24.740+08:00  INFO 10152 --- [positioningManagement] [SpringApplicationShutdownHook] com.zaxxer.hikari.HikariDataSource       : HikariPool-1 - Shutdown completed.
2026-07-09T09:30:30.850+08:00  INFO 5072 --- [positioningManagement] [main] c.z.p.p.PositioningManagementApplication : Starting PositioningManagementApplication using Java 17.0.14 with PID 5072 (D:\javaProject\positioningManagement\target\classes started by SY100836 in D:\javaProject\positioningManagement)
2026-07-09T09:30:30.855+08:00 DEBUG 5072 --- [positioningManagement] [main] c.z.p.p.PositioningManagementApplication : Running with Spring Boot v3.5.16, Spring v6.2.19
2026-07-09T09:30:30.858+08:00  INFO 5072 --- [positioningManagement] [main] c.z.p.p.PositioningManagementApplication : The following 1 profile is active: "dev"
2026-07-09T09:30:31.149+08:00  WARN 5072 --- [positioningManagement] [main] ConfigServletWebServerApplicationContext : Exception encountered during context initialization - cancelling refresh attempt: org.springframework.beans.factory.BeanDefinitionStoreException: Failed to parse configuration class [com.zns.positioning.positioningmanagement.PositioningManagementApplication]
2026-07-09T09:30:31.303+08:00 ERROR 5072 --- [positioningManagement] [main] o.s.boot.SpringApplication               : Application run failed

org.springframework.beans.factory.BeanDefinitionStoreException: Failed to parse configuration class [com.zns.positioning.positioningmanagement.PositioningManagementApplication]
	at org.springframework.context.annotation.ConfigurationClassParser.parse(ConfigurationClassParser.java:194) ~[spring-context-6.2.19.jar:6.2.19]
	at org.springframework.context.annotation.ConfigurationClassPostProcessor.processConfigBeanDefinitions(ConfigurationClassPostProcessor.java:418) ~[spring-context-6.2.19.jar:6.2.19]
	at org.springframework.context.annotation.ConfigurationClassPostProcessor.postProcessBeanDefinitionRegistry(ConfigurationClassPostProcessor.java:290) ~[spring-context-6.2.19.jar:6.2.19]
	at org.springframework.context.support.PostProcessorRegistrationDelegate.invokeBeanDefinitionRegistryPostProcessors(PostProcessorRegistrationDelegate.java:349) ~[spring-context-6.2.19.jar:6.2.19]
	at org.springframework.context.support.PostProcessorRegistrationDelegate.invokeBeanFactoryPostProcessors(PostProcessorRegistrationDelegate.java:118) ~[spring-context-6.2.19.jar:6.2.19]
	at org.springframework.context.support.AbstractApplicationContext.invokeBeanFactoryPostProcessors(AbstractApplicationContext.java:792) ~[spring-context-6.2.19.jar:6.2.19]
	at org.springframework.context.support.AbstractApplicationContext.refresh(AbstractApplicationContext.java:610) ~[spring-context-6.2.19.jar:6.2.19]
	at org.springframework.boot.web.servlet.context.ServletWebServerApplicationContext.refresh(ServletWebServerApplicationContext.java:146) ~[spring-boot-3.5.16.jar:3.5.16]
	at org.springframework.boot.SpringApplication.refresh(SpringApplication.java:752) ~[spring-boot-3.5.16.jar:3.5.16]
	at org.springframework.boot.SpringApplication.refreshContext(SpringApplication.java:439) ~[spring-boot-3.5.16.jar:3.5.16]
	at org.springframework.boot.SpringApplication.run(SpringApplication.java:318) ~[spring-boot-3.5.16.jar:3.5.16]
	at org.springframework.boot.SpringApplication.run(SpringApplication.java:1361) ~[spring-boot-3.5.16.jar:3.5.16]
	at org.springframework.boot.SpringApplication.run(SpringApplication.java:1350) ~[spring-boot-3.5.16.jar:3.5.16]
	at com.zns.positioning.positioningmanagement.PositioningManagementApplication.main(PositioningManagementApplication.java:10) ~[classes/:na]
Caused by: org.springframework.context.annotation.ConflictingBeanDefinitionException: Annotation-specified bean name 'packagePlanController' for bean class [com.zns.positioning.positioningmanagement.controller.mobile.MobilePackagePlanController] conflicts with existing, non-compatible bean definition of same name and class [com.zns.positioning.positioningmanagement.controller.admin.PackagePlanController]
	at org.springframework.context.annotation.ClassPathBeanDefinitionScanner.checkCandidate(ClassPathBeanDefinitionScanner.java:361) ~[spring-context-6.2.19.jar:6.2.19]
	at org.springframework.context.annotation.ClassPathBeanDefinitionScanner.doScan(ClassPathBeanDefinitionScanner.java:288) ~[spring-context-6.2.19.jar:6.2.19]
	at org.springframework.context.annotation.ComponentScanAnnotationParser.parse(ComponentScanAnnotationParser.java:128) ~[spring-context-6.2.19.jar:6.2.19]
	at org.springframework.context.annotation.ConfigurationClassParser.doProcessConfigurationClass(ConfigurationClassParser.java:348) ~[spring-context-6.2.19.jar:6.2.19]
	at org.springframework.context.annotation.ConfigurationClassParser.processConfigurationClass(ConfigurationClassParser.java:283) ~[spring-context-6.2.19.jar:6.2.19]
	at org.springframework.context.annotation.ConfigurationClassParser.parse(ConfigurationClassParser.java:204) ~[spring-context-6.2.19.jar:6.2.19]
	at org.springframework.context.annotation.ConfigurationClassParser.parse(ConfigurationClassParser.java:172) ~[spring-context-6.2.19.jar:6.2.19]
	... 13 common frames omitted

2026-07-09T09:30:57.071+08:00  INFO 16872 --- [positioningManagement] [main] c.z.p.p.PositioningManagementApplication : Starting PositioningManagementApplication using Java 17.0.14 with PID 16872 (D:\javaProject\positioningManagement\target\classes started by SY100836 in D:\javaProject\positioningManagement)
2026-07-09T09:30:57.074+08:00 DEBUG 16872 --- [positioningManagement] [main] c.z.p.p.PositioningManagementApplication : Running with Spring Boot v3.5.16, Spring v6.2.19
2026-07-09T09:30:57.075+08:00  INFO 16872 --- [positioningManagement] [main] c.z.p.p.PositioningManagementApplication : The following 1 profile is active: "dev"
2026-07-09T09:30:57.327+08:00  WARN 16872 --- [positioningManagement] [main] ConfigServletWebServerApplicationContext : Exception encountered during context initialization - cancelling refresh attempt: org.springframework.beans.factory.BeanDefinitionStoreException: Failed to parse configuration class [com.zns.positioning.positioningmanagement.PositioningManagementApplication]
2026-07-09T09:30:57.513+08:00 ERROR 16872 --- [positioningManagement] [main] o.s.boot.SpringApplication               : Application run failed

org.springframework.beans.factory.BeanDefinitionStoreException: Failed to parse configuration class [com.zns.positioning.positioningmanagement.PositioningManagementApplication]
	at org.springframework.context.annotation.ConfigurationClassParser.parse(ConfigurationClassParser.java:194) ~[spring-context-6.2.19.jar:6.2.19]
	at org.springframework.context.annotation.ConfigurationClassPostProcessor.processConfigBeanDefinitions(ConfigurationClassPostProcessor.java:418) ~[spring-context-6.2.19.jar:6.2.19]
	at org.springframework.context.annotation.ConfigurationClassPostProcessor.postProcessBeanDefinitionRegistry(ConfigurationClassPostProcessor.java:290) ~[spring-context-6.2.19.jar:6.2.19]
	at org.springframework.context.support.PostProcessorRegistrationDelegate.invokeBeanDefinitionRegistryPostProcessors(PostProcessorRegistrationDelegate.java:349) ~[spring-context-6.2.19.jar:6.2.19]
	at org.springframework.context.support.PostProcessorRegistrationDelegate.invokeBeanFactoryPostProcessors(PostProcessorRegistrationDelegate.java:118) ~[spring-context-6.2.19.jar:6.2.19]
	at org.springframework.context.support.AbstractApplicationContext.invokeBeanFactoryPostProcessors(AbstractApplicationContext.java:792) ~[spring-context-6.2.19.jar:6.2.19]
	at org.springframework.context.support.AbstractApplicationContext.refresh(AbstractApplicationContext.java:610) ~[spring-context-6.2.19.jar:6.2.19]
	at org.springframework.boot.web.servlet.context.ServletWebServerApplicationContext.refresh(ServletWebServerApplicationContext.java:146) ~[spring-boot-3.5.16.jar:3.5.16]
	at org.springframework.boot.SpringApplication.refresh(SpringApplication.java:752) ~[spring-boot-3.5.16.jar:3.5.16]
	at org.springframework.boot.SpringApplication.refreshContext(SpringApplication.java:439) ~[spring-boot-3.5.16.jar:3.5.16]
	at org.springframework.boot.SpringApplication.run(SpringApplication.java:318) ~[spring-boot-3.5.16.jar:3.5.16]
	at org.springframework.boot.SpringApplication.run(SpringApplication.java:1361) ~[spring-boot-3.5.16.jar:3.5.16]
	at org.springframework.boot.SpringApplication.run(SpringApplication.java:1350) ~[spring-boot-3.5.16.jar:3.5.16]
	at com.zns.positioning.positioningmanagement.PositioningManagementApplication.main(PositioningManagementApplication.java:10) ~[classes/:na]
Caused by: org.springframework.context.annotation.ConflictingBeanDefinitionException: Annotation-specified bean name 'packagePlanController' for bean class [com.zns.positioning.positioningmanagement.controller.mobile.MobilePackagePlanController] conflicts with existing, non-compatible bean definition of same name and class [com.zns.positioning.positioningmanagement.controller.admin.PackagePlanController]
	at org.springframework.context.annotation.ClassPathBeanDefinitionScanner.checkCandidate(ClassPathBeanDefinitionScanner.java:361) ~[spring-context-6.2.19.jar:6.2.19]
	at org.springframework.context.annotation.ClassPathBeanDefinitionScanner.doScan(ClassPathBeanDefinitionScanner.java:288) ~[spring-context-6.2.19.jar:6.2.19]
	at org.springframework.context.annotation.ComponentScanAnnotationParser.parse(ComponentScanAnnotationParser.java:128) ~[spring-context-6.2.19.jar:6.2.19]
	at org.springframework.context.annotation.ConfigurationClassParser.doProcessConfigurationClass(ConfigurationClassParser.java:348) ~[spring-context-6.2.19.jar:6.2.19]
	at org.springframework.context.annotation.ConfigurationClassParser.processConfigurationClass(ConfigurationClassParser.java:283) ~[spring-context-6.2.19.jar:6.2.19]
	at org.springframework.context.annotation.ConfigurationClassParser.parse(ConfigurationClassParser.java:204) ~[spring-context-6.2.19.jar:6.2.19]
	at org.springframework.context.annotation.ConfigurationClassParser.parse(ConfigurationClassParser.java:172) ~[spring-context-6.2.19.jar:6.2.19]
	... 13 common frames omitted

2026-07-09T09:33:04.607+08:00  INFO 23420 --- [positioningManagement] [main] c.z.p.p.PositioningManagementApplication : Starting PositioningManagementApplication using Java 17.0.14 with PID 23420 (D:\javaProject\positioningManagement\target\classes started by SY100836 in D:\javaProject\positioningManagement)
2026-07-09T09:33:04.612+08:00 DEBUG 23420 --- [positioningManagement] [main] c.z.p.p.PositioningManagementApplication : Running with Spring Boot v3.5.16, Spring v6.2.19
2026-07-09T09:33:04.613+08:00  INFO 23420 --- [positioningManagement] [main] c.z.p.p.PositioningManagementApplication : The following 1 profile is active: "dev"
2026-07-09T09:33:05.796+08:00  INFO 23420 --- [positioningManagement] [main] .s.d.r.c.RepositoryConfigurationDelegate : Multiple Spring Data modules found, entering strict repository configuration mode
2026-07-09T09:33:05.799+08:00  INFO 23420 --- [positioningManagement] [main] .s.d.r.c.RepositoryConfigurationDelegate : Bootstrapping Spring Data Redis repositories in DEFAULT mode.
2026-07-09T09:33:05.841+08:00  INFO 23420 --- [positioningManagement] [main] .s.d.r.c.RepositoryConfigurationDelegate : Finished Spring Data repository scanning in 22 ms. Found 0 Redis repository interfaces.
2026-07-09T09:33:06.638+08:00  INFO 23420 --- [positioningManagement] [main] o.s.b.w.embedded.tomcat.TomcatWebServer  : Tomcat initialized with port 8010 (http)
2026-07-09T09:33:06.652+08:00  INFO 23420 --- [positioningManagement] [main] o.apache.catalina.core.StandardService   : Starting service [Tomcat]
2026-07-09T09:33:06.653+08:00  INFO 23420 --- [positioningManagement] [main] o.apache.catalina.core.StandardEngine    : Starting Servlet engine: [Apache Tomcat/10.1.55]
2026-07-09T09:33:06.725+08:00  INFO 23420 --- [positioningManagement] [main] o.a.c.c.C.[Tomcat].[localhost].[/api]    : Initializing Spring embedded WebApplicationContext
2026-07-09T09:33:06.725+08:00  INFO 23420 --- [positioningManagement] [main] w.s.c.ServletWebServerApplicationContext : Root WebApplicationContext: initialization completed in 2040 ms
2026-07-09T09:33:09.897+08:00  INFO 23420 --- [positioningManagement] [main] o.s.b.w.embedded.tomcat.TomcatWebServer  : Tomcat started on port 8010 (http) with context path '/api'
2026-07-09T09:33:09.929+08:00  INFO 23420 --- [positioningManagement] [main] c.z.p.p.PositioningManagementApplication : Started PositioningManagementApplication in 6.045 seconds (process running for 6.76)
2026-07-09T09:33:14.973+08:00  INFO 23420 --- [positioningManagement] [http-nio-8010-exec-2] o.a.c.c.C.[Tomcat].[localhost].[/api]    : Initializing Spring DispatcherServlet 'dispatcherServlet'
2026-07-09T09:33:14.973+08:00  INFO 23420 --- [positioningManagement] [http-nio-8010-exec-2] o.s.web.servlet.DispatcherServlet        : Initializing Servlet 'dispatcherServlet'
2026-07-09T09:33:14.974+08:00  INFO 23420 --- [positioningManagement] [http-nio-8010-exec-2] o.s.web.servlet.DispatcherServlet        : Completed initialization in 1 ms
2026-07-09T09:33:15.086+08:00  INFO 23420 --- [positioningManagement] [http-nio-8010-exec-2] com.zaxxer.hikari.HikariDataSource       : HikariPool-1 - Starting...
2026-07-09T09:33:15.256+08:00  INFO 23420 --- [positioningManagement] [http-nio-8010-exec-2] com.zaxxer.hikari.pool.HikariPool        : HikariPool-1 - Added connection com.mysql.cj.jdbc.ConnectionImpl@593b03e5
2026-07-09T09:33:15.257+08:00  INFO 23420 --- [positioningManagement] [http-nio-8010-exec-2] com.zaxxer.hikari.HikariDataSource       : HikariPool-1 - Start completed.
2026-07-09T09:37:13.968+08:00  INFO 23420 --- [positioningManagement] [http-nio-8010-exec-7] c.z.p.p.s.impl.PackagePlanServiceImpl    : 修改套餐成功, id=2, name=基础版-3年, operator=admin
2026-07-09T09:37:26.640+08:00  INFO 23420 --- [positioningManagement] [http-nio-8010-exec-8] c.z.p.p.s.impl.PackagePlanServiceImpl    : 修改套餐成功, id=1, name=基础版-1年, operator=admin
2026-07-09T09:38:40.449+08:00  INFO 23420 --- [positioningManagement] [http-nio-8010-exec-3] c.z.p.p.s.impl.PackagePlanServiceImpl    : 修改套餐成功, id=2, name=基础版-3年, operator=admin
2026-07-09T09:39:09.455+08:00  INFO 23420 --- [positioningManagement] [http-nio-8010-exec-7] c.z.p.p.s.impl.PackagePlanServiceImpl    : 修改套餐成功, id=2, name=基础版-3年, operator=admin
2026-07-09T10:43:02.170+08:00  INFO 15528 --- [positioningManagement] [main] .p.PositioningManagementApplicationTests : Starting PositioningManagementApplicationTests using Java 17.0.14 with PID 15528 (started by SY100836 in D:\javaProject\positioningManagement)
2026-07-09T10:43:02.171+08:00 DEBUG 15528 --- [positioningManagement] [main] .p.PositioningManagementApplicationTests : Running with Spring Boot v3.5.16, Spring v6.2.19
2026-07-09T10:43:02.172+08:00  INFO 15528 --- [positioningManagement] [main] .p.PositioningManagementApplicationTests : The following 1 profile is active: "dev"
2026-07-09T10:43:02.867+08:00  INFO 15528 --- [positioningManagement] [main] .s.d.r.c.RepositoryConfigurationDelegate : Multiple Spring Data modules found, entering strict repository configuration mode
2026-07-09T10:43:02.870+08:00  INFO 15528 --- [positioningManagement] [main] .s.d.r.c.RepositoryConfigurationDelegate : Bootstrapping Spring Data Redis repositories in DEFAULT mode.
2026-07-09T10:43:02.919+08:00  INFO 15528 --- [positioningManagement] [main] .s.d.r.c.RepositoryConfigurationDelegate : Finished Spring Data repository scanning in 31 ms. Found 0 Redis repository interfaces.
2026-07-09T10:43:05.454+08:00  INFO 15528 --- [positioningManagement] [main] .p.PositioningManagementApplicationTests : Started PositioningManagementApplicationTests in 3.593 seconds (process running for 4.432)
2026-07-09T11:25:08.029+08:00  WARN 23420 --- [positioningManagement] [HikariPool-1:housekeeper] com.zaxxer.hikari.pool.HikariPool        : HikariPool-1 - Thread starvation or clock leap detected (housekeeper delta=10m21s37ms269µs800ns).
2026-07-09T11:44:18.846+08:00  INFO 23420 --- [positioningManagement] [SpringApplicationShutdownHook] o.s.b.w.e.tomcat.GracefulShutdown        : Commencing graceful shutdown. Waiting for active requests to complete
2026-07-09T11:44:18.949+08:00  INFO 23420 --- [positioningManagement] [tomcat-shutdown] o.s.b.w.e.tomcat.GracefulShutdown        : Graceful shutdown complete
2026-07-09T11:44:18.989+08:00  INFO 23420 --- [positioningManagement] [SpringApplicationShutdownHook] com.zaxxer.hikari.HikariDataSource       : HikariPool-1 - Shutdown initiated...
2026-07-09T11:44:18.992+08:00  INFO 23420 --- [positioningManagement] [SpringApplicationShutdownHook] com.zaxxer.hikari.HikariDataSource       : HikariPool-1 - Shutdown completed.
2026-07-09T14:30:54.091+08:00  INFO 20600 --- [positioningManagement] [main] .p.PositioningManagementApplicationTests : Starting PositioningManagementApplicationTests using Java 17.0.14 with PID 20600 (started by SY100836 in D:\javaProject\positioningManagement)
2026-07-09T14:30:54.092+08:00 DEBUG 20600 --- [positioningManagement] [main] .p.PositioningManagementApplicationTests : Running with Spring Boot v3.5.16, Spring v6.2.19
2026-07-09T14:30:54.093+08:00  INFO 20600 --- [positioningManagement] [main] .p.PositioningManagementApplicationTests : The following 1 profile is active: "dev"
2026-07-09T14:30:54.892+08:00  INFO 20600 --- [positioningManagement] [main] .s.d.r.c.RepositoryConfigurationDelegate : Multiple Spring Data modules found, entering strict repository configuration mode
2026-07-09T14:30:54.896+08:00  INFO 20600 --- [positioningManagement] [main] .s.d.r.c.RepositoryConfigurationDelegate : Bootstrapping Spring Data Redis repositories in DEFAULT mode.
2026-07-09T14:30:54.947+08:00  INFO 20600 --- [positioningManagement] [main] .s.d.r.c.RepositoryConfigurationDelegate : Finished Spring Data repository scanning in 26 ms. Found 0 Redis repository interfaces.
2026-07-09T14:30:57.546+08:00  INFO 20600 --- [positioningManagement] [main] .p.PositioningManagementApplicationTests : Started PositioningManagementApplicationTests in 3.793 seconds (process running for 4.641)
2026-07-09T15:21:48.645+08:00  INFO 21420 --- [positioningManagement] [main] c.z.p.p.PositioningManagementApplication : Starting PositioningManagementApplication using Java 17.0.14 with PID 21420 (D:\javaProject\positioningManagement\target\classes started by SY100836 in D:\javaProject\positioningManagement)
2026-07-09T15:21:48.645+08:00 DEBUG 21420 --- [positioningManagement] [main] c.z.p.p.PositioningManagementApplication : Running with Spring Boot v3.5.16, Spring v6.2.19
2026-07-09T15:21:48.645+08:00  INFO 21420 --- [positioningManagement] [main] c.z.p.p.PositioningManagementApplication : The following 1 profile is active: "dev"
2026-07-09T15:21:49.554+08:00  INFO 21420 --- [positioningManagement] [main] .s.d.r.c.RepositoryConfigurationDelegate : Multiple Spring Data modules found, entering strict repository configuration mode
2026-07-09T15:21:49.559+08:00  INFO 21420 --- [positioningManagement] [main] .s.d.r.c.RepositoryConfigurationDelegate : Bootstrapping Spring Data Redis repositories in DEFAULT mode.
2026-07-09T15:21:49.599+08:00  INFO 21420 --- [positioningManagement] [main] .s.d.r.c.RepositoryConfigurationDelegate : Finished Spring Data repository scanning in 24 ms. Found 0 Redis repository interfaces.
2026-07-09T15:21:50.393+08:00  INFO 21420 --- [positioningManagement] [main] o.s.b.w.embedded.tomcat.TomcatWebServer  : Tomcat initialized with port 8010 (http)
2026-07-09T15:21:50.408+08:00  INFO 21420 --- [positioningManagement] [main] o.apache.catalina.core.StandardService   : Starting service [Tomcat]
2026-07-09T15:21:50.408+08:00  INFO 21420 --- [positioningManagement] [main] o.apache.catalina.core.StandardEngine    : Starting Servlet engine: [Apache Tomcat/10.1.55]
2026-07-09T15:21:50.489+08:00  INFO 21420 --- [positioningManagement] [main] o.a.c.c.C.[Tomcat].[localhost].[/api]    : Initializing Spring embedded WebApplicationContext
2026-07-09T15:21:50.489+08:00  INFO 21420 --- [positioningManagement] [main] w.s.c.ServletWebServerApplicationContext : Root WebApplicationContext: initialization completed in 1765 ms
2026-07-09T15:21:53.526+08:00  INFO 21420 --- [positioningManagement] [main] o.s.b.w.embedded.tomcat.TomcatWebServer  : Tomcat started on port 8010 (http) with context path '/api'
2026-07-09T15:21:53.546+08:00  INFO 21420 --- [positioningManagement] [main] c.z.p.p.PositioningManagementApplication : Started PositioningManagementApplication in 5.528 seconds (process running for 6.324)
2026-07-09T15:25:27.016+08:00  INFO 21420 --- [positioningManagement] [http-nio-8010-exec-2] o.a.c.c.C.[Tomcat].[localhost].[/api]    : Initializing Spring DispatcherServlet 'dispatcherServlet'
2026-07-09T15:25:27.016+08:00  INFO 21420 --- [positioningManagement] [http-nio-8010-exec-2] o.s.web.servlet.DispatcherServlet        : Initializing Servlet 'dispatcherServlet'
2026-07-09T15:25:27.018+08:00  INFO 21420 --- [positioningManagement] [http-nio-8010-exec-2] o.s.web.servlet.DispatcherServlet        : Completed initialization in 1 ms
2026-07-09T15:25:27.282+08:00  INFO 21420 --- [positioningManagement] [http-nio-8010-exec-2] com.zaxxer.hikari.HikariDataSource       : HikariPool-1 - Starting...
2026-07-09T15:25:27.574+08:00  INFO 21420 --- [positioningManagement] [http-nio-8010-exec-2] com.zaxxer.hikari.pool.HikariPool        : HikariPool-1 - Added connection com.mysql.cj.jdbc.ConnectionImpl@44468cc6
2026-07-09T15:25:27.577+08:00  INFO 21420 --- [positioningManagement] [http-nio-8010-exec-2] com.zaxxer.hikari.HikariDataSource       : HikariPool-1 - Start completed.
2026-07-09T15:53:17.056+08:00  INFO 21420 --- [positioningManagement] [SpringApplicationShutdownHook] o.s.b.w.e.tomcat.GracefulShutdown        : Commencing graceful shutdown. Waiting for active requests to complete
2026-07-09T15:53:17.157+08:00  INFO 21420 --- [positioningManagement] [tomcat-shutdown] o.s.b.w.e.tomcat.GracefulShutdown        : Graceful shutdown complete
2026-07-09T15:53:17.174+08:00  INFO 21420 --- [positioningManagement] [SpringApplicationShutdownHook] com.zaxxer.hikari.HikariDataSource       : HikariPool-1 - Shutdown initiated...
2026-07-09T15:53:17.178+08:00  INFO 21420 --- [positioningManagement] [SpringApplicationShutdownHook] com.zaxxer.hikari.HikariDataSource       : HikariPool-1 - Shutdown completed.
2026-07-09T15:53:23.998+08:00  INFO 20220 --- [positioningManagement] [main] c.z.p.p.PositioningManagementApplication : Starting PositioningManagementApplication using Java 17.0.14 with PID 20220 (D:\javaProject\positioningManagement\target\classes started by SY100836 in D:\javaProject\positioningManagement)
2026-07-09T15:53:24.002+08:00 DEBUG 20220 --- [positioningManagement] [main] c.z.p.p.PositioningManagementApplication : Running with Spring Boot v3.5.16, Spring v6.2.19
2026-07-09T15:53:24.004+08:00  INFO 20220 --- [positioningManagement] [main] c.z.p.p.PositioningManagementApplication : The following 1 profile is active: "dev"
2026-07-09T15:53:24.850+08:00  INFO 20220 --- [positioningManagement] [main] .s.d.r.c.RepositoryConfigurationDelegate : Multiple Spring Data modules found, entering strict repository configuration mode
2026-07-09T15:53:24.855+08:00  INFO 20220 --- [positioningManagement] [main] .s.d.r.c.RepositoryConfigurationDelegate : Bootstrapping Spring Data Redis repositories in DEFAULT mode.
2026-07-09T15:53:24.890+08:00  INFO 20220 --- [positioningManagement] [main] .s.d.r.c.RepositoryConfigurationDelegate : Finished Spring Data repository scanning in 19 ms. Found 0 Redis repository interfaces.
2026-07-09T15:53:25.560+08:00  INFO 20220 --- [positioningManagement] [main] o.s.b.w.embedded.tomcat.TomcatWebServer  : Tomcat initialized with port 8010 (http)
2026-07-09T15:53:25.573+08:00  INFO 20220 --- [positioningManagement] [main] o.apache.catalina.core.StandardService   : Starting service [Tomcat]
2026-07-09T15:53:25.573+08:00  INFO 20220 --- [positioningManagement] [main] o.apache.catalina.core.StandardEngine    : Starting Servlet engine: [Apache Tomcat/10.1.55]
2026-07-09T15:53:25.637+08:00  INFO 20220 --- [positioningManagement] [main] o.a.c.c.C.[Tomcat].[localhost].[/api]    : Initializing Spring embedded WebApplicationContext
2026-07-09T15:53:25.638+08:00  INFO 20220 --- [positioningManagement] [main] w.s.c.ServletWebServerApplicationContext : Root WebApplicationContext: initialization completed in 1562 ms
2026-07-09T15:53:28.812+08:00  INFO 20220 --- [positioningManagement] [main] o.s.b.w.embedded.tomcat.TomcatWebServer  : Tomcat started on port 8010 (http) with context path '/api'
2026-07-09T15:53:28.837+08:00  INFO 20220 --- [positioningManagement] [main] c.z.p.p.PositioningManagementApplication : Started PositioningManagementApplication in 5.455 seconds (process running for 6.175)
2026-07-09T15:54:59.843+08:00  INFO 20220 --- [positioningManagement] [http-nio-8010-exec-2] o.a.c.c.C.[Tomcat].[localhost].[/api]    : Initializing Spring DispatcherServlet 'dispatcherServlet'
2026-07-09T15:54:59.844+08:00  INFO 20220 --- [positioningManagement] [http-nio-8010-exec-2] o.s.web.servlet.DispatcherServlet        : Initializing Servlet 'dispatcherServlet'
2026-07-09T15:54:59.845+08:00  INFO 20220 --- [positioningManagement] [http-nio-8010-exec-2] o.s.web.servlet.DispatcherServlet        : Completed initialization in 1 ms
2026-07-09T15:55:00.078+08:00  INFO 20220 --- [positioningManagement] [http-nio-8010-exec-2] com.zaxxer.hikari.HikariDataSource       : HikariPool-1 - Starting...
2026-07-09T15:55:00.322+08:00  INFO 20220 --- [positioningManagement] [http-nio-8010-exec-2] com.zaxxer.hikari.pool.HikariPool        : HikariPool-1 - Added connection com.mysql.cj.jdbc.ConnectionImpl@90b97e8
2026-07-09T15:55:00.325+08:00  INFO 20220 --- [positioningManagement] [http-nio-8010-exec-2] com.zaxxer.hikari.HikariDataSource       : HikariPool-1 - Start completed.
2026-07-09T15:55:00.565+08:00  INFO 20220 --- [positioningManagement] [http-nio-8010-exec-2] c.z.p.p.s.i.MobileRechargeServiceImpl    : 创建充值订单成功, orderNo=REC20260709155500c27797, userId=10001, planId=1, planName=基础版-1年, amount=99.00
